Grid: 36 combos x 2 days = 72 runs
Days: [0, 1] (TRAIN ONLY)
Params swept: ['HP_TAKE_EDGE', 'HP_OBI_THRESHOLD', 'HP_NEUTRAL_FRONT']
  [   1/36] HP_TAKE_EDGE=1 HP_OBI_THRESHOLD=0.06 HP_NEUTRAL_FRONT=12 | d0=+10584 d1=+18466 TRAIN=+29050 (eta 1261s)
  [   2/36] HP_TAKE_EDGE=1 HP_OBI_THRESHOLD=0.06 HP_NEUTRAL_FRONT=18 | d0=+10324 d1=+18466 TRAIN=+28790 (eta 1198s)
  [   3/36] HP_TAKE_EDGE=1 HP_OBI_THRESHOLD=0.06 HP_NEUTRAL_FRONT=25 | d0=+10324 d1=+18286 TRAIN=+28610 (eta 1143s)
  [   4/36] HP_TAKE_EDGE=1 HP_OBI_THRESHOLD=0.1 HP_NEUTRAL_FRONT=12 | d0=+10584 d1=+18466 TRAIN=+29050 (eta 1125s)
  [   5/36] HP_TAKE_EDGE=1 HP_OBI_THRESHOLD=0.1 HP_NEUTRAL_FRONT=18 | d0=+10324 d1=+18466 TRAIN=+28790 (eta 933s)
  [   6/36] HP_TAKE_EDGE=1 HP_OBI_THRESHOLD=0.1 HP_NEUTRAL_FRONT=25 | d0=+10324 d1=+18286 TRAIN=+28610 (eta 801s)
  [   7/36] HP_TAKE_EDGE=1 HP_OBI_THRESHOLD=0.15 HP_NEUTRAL_FRONT=12 | d0=+10584 d1=+18466 TRAIN=+29050 (eta 708s)
  [   8/36] HP_TAKE_EDGE=1 HP_OBI_THRESHOLD=0.15 HP_NEUTRAL_FRONT=18 | d0=+9719 d1=+18466 TRAIN=+28184 (eta 634s)
  [   9/36] HP_TAKE_EDGE=1 HP_OBI_THRESHOLD=0.15 HP_NEUTRAL_FRONT=25 | d0=+9487 d1=+18084 TRAIN=+27570 (eta 571s)
  [  10/36] HP_TAKE_EDGE=1 HP_OBI_THRESHOLD=0.2 HP_NEUTRAL_FRONT=12 | d0=+10099 d1=+18234 TRAIN=+28334 (eta 527s)
  [  11/36] HP_TAKE_EDGE=1 HP_OBI_THRESHOLD=0.2 HP_NEUTRAL_FRONT=18 | d0=+9823 d1=+18234 TRAIN=+28058 (eta 487s)
  [  12/36] HP_TAKE_EDGE=1 HP_OBI_THRESHOLD=0.2 HP_NEUTRAL_FRONT=25 | d0=+9423 d1=+18296 TRAIN=+27720 (eta 470s)
  [  13/36] HP_TAKE_EDGE=2 HP_OBI_THRESHOLD=0.06 HP_NEUTRAL_FRONT=12 | d0=+8722 d1=+18844 TRAIN=+27566 (eta 434s)
  [  14/36] HP_TAKE_EDGE=2 HP_OBI_THRESHOLD=0.06 HP_NEUTRAL_FRONT=18 | d0=+8722 d1=+18844 TRAIN=+27566 (eta 405s)
  [  15/36] HP_TAKE_EDGE=2 HP_OBI_THRESHOLD=0.06 HP_NEUTRAL_FRONT=25 | d0=+8722 d1=+18844 TRAIN=+27566 (eta 375s)
  [  16/36] HP_TAKE_EDGE=2 HP_OBI_THRESHOLD=0.1 HP_NEUTRAL_FRONT=12 | d0=+8722 d1=+18844 TRAIN=+27566 (eta 374s)
  [  17/36] HP_TAKE_EDGE=2 HP_OBI_THRESHOLD=0.1 HP_NEUTRAL_FRONT=18 | d0=+8722 d1=+18844 TRAIN=+27566 (eta 376s)
  [  18/36] HP_TAKE_EDGE=2 HP_OBI_THRESHOLD=0.1 HP_NEUTRAL_FRONT=25 | d0=+8722 d1=+18844 TRAIN=+27566 (eta 378s)
  [  19/36] HP_TAKE_EDGE=2 HP_OBI_THRESHOLD=0.15 HP_NEUTRAL_FRONT=12 | d0=+8722 d1=+18844 TRAIN=+27566 (eta 358s)
  [  20/36] HP_TAKE_EDGE=2 HP_OBI_THRESHOLD=0.15 HP_NEUTRAL_FRONT=18 | d0=+8722 d1=+18844 TRAIN=+27566 (eta 331s)
  [  21/36] HP_TAKE_EDGE=2 HP_OBI_THRESHOLD=0.15 HP_NEUTRAL_FRONT=25 | d0=+8722 d1=+18844 TRAIN=+27566 (eta 311s)
  [  22/36] HP_TAKE_EDGE=2 HP_OBI_THRESHOLD=0.2 HP_NEUTRAL_FRONT=12 | d0=+8382 d1=+18804 TRAIN=+27186 (eta 285s)
  [  23/36] HP_TAKE_EDGE=2 HP_OBI_THRESHOLD=0.2 HP_NEUTRAL_FRONT=18 | d0=+8382 d1=+18804 TRAIN=+27186 (eta 274s)
  [  24/36] HP_TAKE_EDGE=2 HP_OBI_THRESHOLD=0.2 HP_NEUTRAL_FRONT=25 | d0=+8382 d1=+18874 TRAIN=+27256 (eta 258s)
  [  25/36] HP_TAKE_EDGE=3 HP_OBI_THRESHOLD=0.06 HP_NEUTRAL_FRONT=12 | d0=+8569 d1=+15962 TRAIN=+24532 (eta 240s)
  [  26/36] HP_TAKE_EDGE=3 HP_OBI_THRESHOLD=0.06 HP_NEUTRAL_FRONT=18 | d0=+8569 d1=+15962 TRAIN=+24532 (eta 219s)
  [  27/36] HP_TAKE_EDGE=3 HP_OBI_THRESHOLD=0.06 HP_NEUTRAL_FRONT=25 | d0=+8569 d1=+15962 TRAIN=+24532 (eta 192s)
  [  28/36] HP_TAKE_EDGE=3 HP_OBI_THRESHOLD=0.1 HP_NEUTRAL_FRONT=12 | d0=+8569 d1=+15962 TRAIN=+24532 (eta 169s)
  [  29/36] HP_TAKE_EDGE=3 HP_OBI_THRESHOLD=0.1 HP_NEUTRAL_FRONT=18 | d0=+8569 d1=+15962 TRAIN=+24532 (eta 150s)
  [  30/36] HP_TAKE_EDGE=3 HP_OBI_THRESHOLD=0.1 HP_NEUTRAL_FRONT=25 | d0=+8569 d1=+15962 TRAIN=+24532 (eta 132s)
  [  31/36] HP_TAKE_EDGE=3 HP_OBI_THRESHOLD=0.15 HP_NEUTRAL_FRONT=12 | d0=+8569 d1=+15962 TRAIN=+24532 (eta 111s)
  [  32/36] HP_TAKE_EDGE=3 HP_OBI_THRESHOLD=0.15 HP_NEUTRAL_FRONT=18 | d0=+8569 d1=+15962 TRAIN=+24532 (eta 91s)
  [  33/36] HP_TAKE_EDGE=3 HP_OBI_THRESHOLD=0.15 HP_NEUTRAL_FRONT=25 | d0=+8569 d1=+15962 TRAIN=+24532 (eta 70s)
  [  34/36] HP_TAKE_EDGE=3 HP_OBI_THRESHOLD=0.2 HP_NEUTRAL_FRONT=12 | d0=+8569 d1=+16088 TRAIN=+24658 (eta 46s)
  [  35/36] HP_TAKE_EDGE=3 HP_OBI_THRESHOLD=0.2 HP_NEUTRAL_FRONT=18 | d0=+8569 d1=+16088 TRAIN=+24658 (eta 23s)
  [  36/36] HP_TAKE_EDGE=3 HP_OBI_THRESHOLD=0.2 HP_NEUTRAL_FRONT=25 | d0=+8597 d1=+16088 TRAIN=+24686 (eta 0s)

=== TOP 15 (by train PnL d0+d1) ===
  TRAIN=+29050 d0=+10584 d1=+18466  | HP_TAKE_EDGE=1 HP_OBI_THRESHOLD=0.06 HP_NEUTRAL_FRONT=12
  TRAIN=+29050 d0=+10584 d1=+18466  | HP_TAKE_EDGE=1 HP_OBI_THRESHOLD=0.1 HP_NEUTRAL_FRONT=12
  TRAIN=+29050 d0=+10584 d1=+18466  | HP_TAKE_EDGE=1 HP_OBI_THRESHOLD=0.15 HP_NEUTRAL_FRONT=12
  TRAIN=+28790 d0=+10324 d1=+18466  | HP_TAKE_EDGE=1 HP_OBI_THRESHOLD=0.06 HP_NEUTRAL_FRONT=18
  TRAIN=+28790 d0=+10324 d1=+18466  | HP_TAKE_EDGE=1 HP_OBI_THRESHOLD=0.1 HP_NEUTRAL_FRONT=18
  TRAIN=+28610 d0=+10324 d1=+18286  | HP_TAKE_EDGE=1 HP_OBI_THRESHOLD=0.06 HP_NEUTRAL_FRONT=25
  TRAIN=+28610 d0=+10324 d1=+18286  | HP_TAKE_EDGE=1 HP_OBI_THRESHOLD=0.1 HP_NEUTRAL_FRONT=25
  TRAIN=+28334 d0=+10099 d1=+18234  | HP_TAKE_EDGE=1 HP_OBI_THRESHOLD=0.2 HP_NEUTRAL_FRONT=12
  TRAIN=+28184 d0=+9719 d1=+18466  | HP_TAKE_EDGE=1 HP_OBI_THRESHOLD=0.15 HP_NEUTRAL_FRONT=18
  TRAIN=+28058 d0=+9823 d1=+18234  | HP_TAKE_EDGE=1 HP_OBI_THRESHOLD=0.2 HP_NEUTRAL_FRONT=18
  TRAIN=+27720 d0=+9423 d1=+18296  | HP_TAKE_EDGE=1 HP_OBI_THRESHOLD=0.2 HP_NEUTRAL_FRONT=25
  TRAIN=+27570 d0=+9487 d1=+18084  | HP_TAKE_EDGE=1 HP_OBI_THRESHOLD=0.15 HP_NEUTRAL_FRONT=25
  TRAIN=+27566 d0=+8722 d1=+18844  | HP_TAKE_EDGE=2 HP_OBI_THRESHOLD=0.06 HP_NEUTRAL_FRONT=12
  TRAIN=+27566 d0=+8722 d1=+18844  | HP_TAKE_EDGE=2 HP_OBI_THRESHOLD=0.06 HP_NEUTRAL_FRONT=18
  TRAIN=+27566 d0=+8722 d1=+18844  | HP_TAKE_EDGE=2 HP_OBI_THRESHOLD=0.06 HP_NEUTRAL_FRONT=25

=== BOTTOM 5 ===
  TRAIN=+24532  | HP_TAKE_EDGE=3 HP_OBI_THRESHOLD=0.1 HP_NEUTRAL_FRONT=18
  TRAIN=+24532  | HP_TAKE_EDGE=3 HP_OBI_THRESHOLD=0.1 HP_NEUTRAL_FRONT=25
  TRAIN=+24532  | HP_TAKE_EDGE=3 HP_OBI_THRESHOLD=0.15 HP_NEUTRAL_FRONT=12
  TRAIN=+24532  | HP_TAKE_EDGE=3 HP_OBI_THRESHOLD=0.15 HP_NEUTRAL_FRONT=18
  TRAIN=+24532  | HP_TAKE_EDGE=3 HP_OBI_THRESHOLD=0.15 HP_NEUTRAL_FRONT=25

=== SENSITIVITY (top config) ===
  Best params: {'HP_TAKE_EDGE': 1, 'HP_OBI_THRESHOLD': 0.06, 'HP_NEUTRAL_FRONT': 12}
  Best train PnL: +29050
    HP_OBI_THRESHOLD: 0.06 -> 0.1  dPnL=+0
    HP_OBI_THRESHOLD: 0.06 -> 0.15  dPnL=+0
    HP_NEUTRAL_FRONT: 12 -> 18  dPnL=-260
    HP_NEUTRAL_FRONT: 12 -> 25  dPnL=-439
    HP_OBI_THRESHOLD: 0.06 -> 0.2  dPnL=-716
    HP_TAKE_EDGE: 1 -> 2  dPnL=-1483
    HP_TAKE_EDGE: 1 -> 3  dPnL=-4518

Full results saved to C:\Users\peter\Desktop\IMC\imc-prosperity-4\ROUND 3\scratch\sweep_trader1_results.json
